0 info it worked if it ends with ok
1 verbose cli [ 'C:\\Program Files\\nodejs\\node.exe',
1 verbose cli   'C:\\Program Files\\nodejs\\node_modules\\npm\\bin\\npm-cli.js',
1 verbose cli   'link' ]
2 info using npm@3.10.10
3 info using node@v6.11.0
4 verbose linkPkg E:\workspace\yyl
5 silly gentlyRm C:\Program Files\nodejs\node_modules\yyl is being purged
6 verbose gentlyRm don't care about contents; nuking C:\Program Files\nodejs\node_modules\yyl
7 silly vacuum-fs purging C:\Program Files\nodejs\node_modules\yyl
8 silly vacuum-fs quitting because other entries in C:\Program Files\nodejs\node_modules
9 verbose link build target C:\Program Files\nodejs\node_modules\yyl
10 silly loadCurrentTree Starting
11 silly install loadCurrentTree
12 silly install readLocalPackageData
13 silly install normalizeTree
14 silly loadCurrentTree Finishing
15 silly loadIdealTree Starting
16 silly install loadIdealTree
17 silly cloneCurrentTree Starting
18 silly install cloneCurrentTreeToIdealTree
19 silly cloneCurrentTree Finishing
20 silly loadShrinkwrap Starting
21 silly install loadShrinkwrap
22 silly loadShrinkwrap Finishing
23 silly loadAllDepsIntoIdealTree Starting
24 silly install loadAllDepsIntoIdealTree
25 silly loadAllDepsIntoIdealTree Finishing
26 silly loadIdealTree Finishing
27 silly currentTree yyl@2.15.25
27 silly currentTree +-- abbrev@1.1.1
27 silly currentTree +-- accepts@1.3.4
27 silly currentTree +-- ansi-regex@1.1.1
27 silly currentTree +-- ansi-styles@2.2.1
27 silly currentTree +-- batch@0.5.3
27 silly currentTree +-- body@5.1.0
27 silly currentTree +-- bytes@1.0.0
27 silly currentTree +-- chalk@1.1.3
27 silly currentTree +-- cli-width@1.1.1
27 silly currentTree +-- color-convert@1.9.1
27 silly currentTree +-- color-name@1.1.3
27 silly currentTree +-- concat-with-sourcemaps@1.0.4
27 silly currentTree +-- connect-livereload@0.6.0
27 silly currentTree +-- connect@3.5.1
27 silly currentTree +-- continuable-cache@0.3.1
27 silly currentTree +-- debug@2.2.0
27 silly currentTree +-- depd@1.1.1
27 silly currentTree +-- destroy@1.0.4
27 silly currentTree +-- ee-first@1.1.1
27 silly currentTree +-- encodeurl@1.0.1
27 silly currentTree +-- error@7.0.2
27 silly currentTree +-- escape-html@1.0.3
27 silly currentTree +-- escape-string-regexp@1.0.5
27 silly currentTree +-- etag@1.7.0
27 silly currentTree +-- faye-websocket@0.10.0
27 silly currentTree +-- figures@1.7.0
27 silly currentTree +-- finalhandler@0.5.1
27 silly currentTree +-- fresh@0.3.0
27 silly currentTree +-- growly@1.3.0
27 silly currentTree +-- has-ansi@2.0.0
27 silly currentTree | `-- ansi-regex@2.1.1
27 silly currentTree +-- has-flag@2.0.0
27 silly currentTree +-- http-errors@1.5.1
27 silly currentTree +-- http-parser-js@0.4.9
27 silly currentTree +-- inherits@2.0.3
27 silly currentTree +-- inquirer@0.8.5
27 silly currentTree +-- isexe@2.0.0
27 silly currentTree +-- keypress@0.2.1
27 silly currentTree +-- livereload-js@2.2.2
27 silly currentTree +-- lodash@3.10.1
27 silly currentTree +-- mime-db@1.30.0
27 silly currentTree +-- mime-types@2.1.17
27 silly currentTree +-- mime@1.3.4
27 silly currentTree +-- ms@0.7.1
27 silly currentTree +-- mute-stream@0.0.4
27 silly currentTree +-- negotiator@0.6.1
27 silly currentTree +-- node-notifier@5.1.2
27 silly currentTree +-- nopt@1.0.10
27 silly currentTree +-- object-assign@4.1.1
27 silly currentTree +-- on-finished@2.3.0
27 silly currentTree +-- parseurl@1.3.2
27 silly currentTree +-- qs@6.5.1
27 silly currentTree +-- range-parser@1.2.0
27 silly currentTree +-- raw-body@1.1.7
27 silly currentTree +-- readline2@0.1.1
27 silly currentTree | `-- strip-ansi@2.0.1
27 silly currentTree +-- rev-hash@2.0.0
27 silly currentTree +-- rx@2.5.3
27 silly currentTree +-- safe-json-parse@1.0.1
27 silly currentTree +-- semver@5.4.1
27 silly currentTree +-- send@0.14.2
27 silly currentTree | `-- ms@0.7.2
27 silly currentTree +-- serve-index@1.8.0
27 silly currentTree +-- serve-static@1.11.2
27 silly currentTree +-- setprototypeof@1.0.2
27 silly currentTree +-- shellwords@0.1.1
27 silly currentTree +-- source-map@0.5.7
27 silly currentTree +-- statuses@1.3.1
27 silly currentTree +-- string_decoder@0.10.31
27 silly currentTree +-- string-template@0.2.1
27 silly currentTree +-- strip-ansi@3.0.1
27 silly currentTree | `-- ansi-regex@2.1.1
27 silly currentTree +-- supports-color@2.0.0
27 silly currentTree +-- through@2.3.8
27 silly currentTree +-- tiny-lr@1.0.5
27 silly currentTree | +-- debug@2.6.9
27 silly currentTree | `-- ms@2.0.0
27 silly currentTree +-- touch@3.1.0
27 silly currentTree +-- unpipe@1.0.0
27 silly currentTree +-- utils-merge@1.0.0
27 silly currentTree +-- websocket-driver@0.7.0
27 silly currentTree +-- websocket-extensions@0.1.3
27 silly currentTree +-- which@1.3.0
27 silly currentTree +-- xtend@4.0.1
27 silly currentTree +-- yyl-color@1.0.0
27 silly currentTree `-- yyl-util@1.8.0
27 silly currentTree   +-- ansi-styles@3.2.0
27 silly currentTree   +-- chalk@2.3.0
27 silly currentTree   `-- supports-color@4.5.0
28 silly idealTree yyl@2.15.25
28 silly idealTree +-- abbrev@1.1.1
28 silly idealTree +-- accepts@1.3.4
28 silly idealTree +-- ansi-regex@1.1.1
28 silly idealTree +-- ansi-styles@2.2.1
28 silly idealTree +-- batch@0.5.3
28 silly idealTree +-- body@5.1.0
28 silly idealTree +-- bytes@1.0.0
28 silly idealTree +-- chalk@1.1.3
28 silly idealTree +-- cli-width@1.1.1
28 silly idealTree +-- color-convert@1.9.1
28 silly idealTree +-- color-name@1.1.3
28 silly idealTree +-- concat-with-sourcemaps@1.0.4
28 silly idealTree +-- connect-livereload@0.6.0
28 silly idealTree +-- connect@3.5.1
28 silly idealTree +-- continuable-cache@0.3.1
28 silly idealTree +-- debug@2.2.0
28 silly idealTree +-- depd@1.1.1
28 silly idealTree +-- destroy@1.0.4
28 silly idealTree +-- ee-first@1.1.1
28 silly idealTree +-- encodeurl@1.0.1
28 silly idealTree +-- error@7.0.2
28 silly idealTree +-- escape-html@1.0.3
28 silly idealTree +-- escape-string-regexp@1.0.5
28 silly idealTree +-- etag@1.7.0
28 silly idealTree +-- faye-websocket@0.10.0
28 silly idealTree +-- figures@1.7.0
28 silly idealTree +-- finalhandler@0.5.1
28 silly idealTree +-- fresh@0.3.0
28 silly idealTree +-- growly@1.3.0
28 silly idealTree +-- has-ansi@2.0.0
28 silly idealTree | `-- ansi-regex@2.1.1
28 silly idealTree +-- has-flag@2.0.0
28 silly idealTree +-- http-errors@1.5.1
28 silly idealTree +-- http-parser-js@0.4.9
28 silly idealTree +-- inherits@2.0.3
28 silly idealTree +-- inquirer@0.8.5
28 silly idealTree +-- isexe@2.0.0
28 silly idealTree +-- keypress@0.2.1
28 silly idealTree +-- livereload-js@2.2.2
28 silly idealTree +-- lodash@3.10.1
28 silly idealTree +-- mime-db@1.30.0
28 silly idealTree +-- mime-types@2.1.17
28 silly idealTree +-- mime@1.3.4
28 silly idealTree +-- ms@0.7.1
28 silly idealTree +-- mute-stream@0.0.4
28 silly idealTree +-- negotiator@0.6.1
28 silly idealTree +-- node-notifier@5.1.2
28 silly idealTree +-- nopt@1.0.10
28 silly idealTree +-- object-assign@4.1.1
28 silly idealTree +-- on-finished@2.3.0
28 silly idealTree +-- parseurl@1.3.2
28 silly idealTree +-- qs@6.5.1
28 silly idealTree +-- range-parser@1.2.0
28 silly idealTree +-- raw-body@1.1.7
28 silly idealTree +-- readline2@0.1.1
28 silly idealTree | `-- strip-ansi@2.0.1
28 silly idealTree +-- rev-hash@2.0.0
28 silly idealTree +-- rx@2.5.3
28 silly idealTree +-- safe-json-parse@1.0.1
28 silly idealTree +-- semver@5.4.1
28 silly idealTree +-- send@0.14.2
28 silly idealTree | `-- ms@0.7.2
28 silly idealTree +-- serve-index@1.8.0
28 silly idealTree +-- serve-static@1.11.2
28 silly idealTree +-- setprototypeof@1.0.2
28 silly idealTree +-- shellwords@0.1.1
28 silly idealTree +-- source-map@0.5.7
28 silly idealTree +-- statuses@1.3.1
28 silly idealTree +-- string_decoder@0.10.31
28 silly idealTree +-- string-template@0.2.1
28 silly idealTree +-- strip-ansi@3.0.1
28 silly idealTree | `-- ansi-regex@2.1.1
28 silly idealTree +-- supports-color@2.0.0
28 silly idealTree +-- through@2.3.8
28 silly idealTree +-- tiny-lr@1.0.5
28 silly idealTree | +-- debug@2.6.9
28 silly idealTree | `-- ms@2.0.0
28 silly idealTree +-- touch@3.1.0
28 silly idealTree +-- unpipe@1.0.0
28 silly idealTree +-- utils-merge@1.0.0
28 silly idealTree +-- websocket-driver@0.7.0
28 silly idealTree +-- websocket-extensions@0.1.3
28 silly idealTree +-- which@1.3.0
28 silly idealTree +-- xtend@4.0.1
28 silly idealTree +-- yyl-color@1.0.0
28 silly idealTree `-- yyl-util@1.8.0
28 silly idealTree   +-- ansi-styles@3.2.0
28 silly idealTree   +-- chalk@2.3.0
28 silly idealTree   `-- supports-color@4.5.0
29 silly generateActionsToTake Starting
30 silly install generateActionsToTake
31 silly generateActionsToTake Finishing
32 silly diffTrees action count 0
33 silly decomposeActions action count 0
34 silly runTopLevelLifecycles Starting
35 silly install runPreinstallTopLevelLifecycles
36 silly preinstall yyl@2.15.25 E:\workspace\yyl\yyl-1a200600
37 info lifecycle yyl@2.15.25~preinstall: yyl@2.15.25
38 silly lifecycle yyl@2.15.25~preinstall: no script for preinstall, continuing
39 silly executeActions Starting
40 silly install executeActions
41 silly doSerial global-install 0
42 silly doParallel fetch 0
43 verbose correctMkdir C:\Users\Administrator\AppData\Roaming\npm-cache\_locks correctMkdir not in flight; initializing
44 verbose lock using C:\Users\Administrator\AppData\Roaming\npm-cache\_locks\staging-6af48faba7e1c9f2.lock for E:\workspace\yyl\node_modules\.staging
45 silly doParallel extract 0
46 silly doParallel preinstall 0
47 silly doReverseSerial remove 0
48 silly doSerial move 0
49 silly doSerial finalize 0
50 silly doSerial build 0
51 silly doSerial global-link 0
52 silly doParallel update-linked 0
53 silly doSerial install 0
54 silly doSerial postinstall 0
55 verbose unlock done using C:\Users\Administrator\AppData\Roaming\npm-cache\_locks\staging-6af48faba7e1c9f2.lock for E:\workspace\yyl\node_modules\.staging
56 silly executeActions Finishing
57 silly rollbackFailedOptional Starting
58 silly rollbackFailedOptional Finishing
59 silly install runPostinstallTopLevelLifecycles
60 silly build yyl@2.15.25
61 info linkStuff yyl@2.15.25
62 silly linkStuff yyl@2.15.25 has E:\workspace as its parent node_modules
63 verbose linkBins yyl@2.15.25
64 verbose linkMans yyl@2.15.25
65 silly install yyl@2.15.25 E:\workspace\yyl\yyl-1a200600
66 info lifecycle yyl@2.15.25~install: yyl@2.15.25
67 silly lifecycle yyl@2.15.25~install: no script for install, continuing
68 silly postinstall yyl@2.15.25 E:\workspace\yyl\yyl-1a200600
69 info lifecycle yyl@2.15.25~postinstall: yyl@2.15.25
70 silly lifecycle yyl@2.15.25~postinstall: no script for postinstall, continuing
71 silly prepublish yyl@2.15.25 E:\workspace\yyl\yyl-1a200600
72 info lifecycle yyl@2.15.25~prepublish: yyl@2.15.25
73 silly lifecycle yyl@2.15.25~prepublish: no script for prepublish, continuing
74 silly runTopLevelLifecycles Finishing
75 silly install printInstalled
76 info build C:\Program Files\nodejs\node_modules\yyl
77 info linkStuff yyl@2.15.25
78 silly linkStuff yyl@2.15.25 has C:\Program Files\nodejs\node_modules as its parent node_modules
79 silly linkStuff yyl@2.15.25 is part of a global install
80 silly linkStuff yyl@2.15.25 is installed into a global node_modules
81 silly linkStuff yyl@2.15.25 is installed into the top-level global node_modules
82 verbose linkBins yyl@2.15.25
83 verbose link bins [ { yyl: './bin/init.js --inspect' },
83 verbose link bins   'C:\\Program Files\\nodejs',
83 verbose link bins   true ]
84 verbose linkMans yyl@2.15.25
85 verbose stack Error: ENOENT: no such file or directory, chmod 'C:\Program Files\nodejs\node_modules\yyl\bin\init.js --inspect'
85 verbose stack     at Error (native)
86 verbose cwd E:\workspace\yyl
87 error Windows_NT 10.0.15063
88 error argv "C:\\Program Files\\nodejs\\node.exe" "C:\\Program Files\\nodejs\\node_modules\\npm\\bin\\npm-cli.js" "link"
89 error node v6.11.0
90 error npm  v3.10.10
91 error path C:\Program Files\nodejs\node_modules\yyl\bin\init.js --inspect
92 error code ENOENT
93 error errno -4058
94 error syscall chmod
95 error enoent ENOENT: no such file or directory, chmod 'C:\Program Files\nodejs\node_modules\yyl\bin\init.js --inspect'
96 error enoent ENOENT: no such file or directory, chmod 'C:\Program Files\nodejs\node_modules\yyl\bin\init.js --inspect'
96 error enoent This is most likely not a problem with npm itself
96 error enoent and is related to npm not being able to find a file.
97 verbose exit [ -4058, true ]
